<?xml version="1.0" encoding="UTF-8"?>
<!-- Generated by org.testng.reporters.JUnitXMLReporter -->
<testsuite ignored="0" hostname="LAPTOP-09FPCT2T" failures="0" tests="6" name="Surefire test" time="0.049" errors="0" timestamp="2020-04-27T14:56:09 IST">
  <testcase classname="qaclickacademy.AppiumTest" name="IOSapp" time="0.005"/>
  <testcase classname="qaclickacademy.AppiumTest" name="Nativeappandroid" time="0.001"/>
  <testcase classname="qaclickacademy.RestAPITest" name="jiraAPI" time="0.0"/>
  <testcase classname="qaclickacademy.RestAPITest" name="jiraAPI2" time="0.0"/>
  <testcase classname="qaclickacademy.SeleniumTest" name="browserautomation" time="0.0"/>
  <testcase classname="qaclickacademy.SeleniumTest" name="elementsui" time="0.0"/>
</testsuite> <!-- Surefire test -->
