<?xml version="1.0" encoding="UTF-8"?>
<testng-results ignored="0" total="6" passed="6" failed="0" skipped="0">
  <reporter-output>
  </reporter-output>
  <suite started-at="2020-04-27T14:56:09 IST" name="Surefire suite" finished-at="2020-04-27T14:56:09 IST" duration-ms="49">
    <groups>
    </groups>
    <test started-at="2020-04-27T14:56:09 IST" name="Surefire test" finished-at="2020-04-27T14:56:09 IST" duration-ms="49">
      <class name="qaclickacademy.AppiumTest">
        <test-method signature="IOSapp()[pri:0, instance:qaclickacademy.AppiumTest@799d4f69]" started-at="2020-04-27T14:56:09 IST" name="IOSapp" finished-at="2020-04-27T14:56:09 IST" duration-ms="5" status="PASS">
          <reporter-output>
          </reporter-output>
        </test-method> <!-- IOSapp -->
        <test-method signature="Nativeappandroid()[pri:0, instance:qaclickacademy.AppiumTest@799d4f69]" started-at="2020-04-27T14:56:09 IST" name="Nativeappandroid" finished-at="2020-04-27T14:56:09 IST" duration-ms="1" status="PASS">
          <reporter-output>
          </reporter-output>
        </test-method> <!-- Nativeappandroid -->
      </class> <!-- qaclickacademy.AppiumTest -->
      <class name="qaclickacademy.RestAPITest">
        <test-method signature="jiraAPI()[pri:0, instance:qaclickacademy.RestAPITest@49c43f4e]" started-at="2020-04-27T14:56:09 IST" name="jiraAPI" finished-at="2020-04-27T14:56:09 IST" duration-ms="0" status="PASS">
          <reporter-output>
          </reporter-output>
        </test-method> <!-- jiraAPI -->
        <test-method signature="jiraAPI2()[pri:0, instance:qaclickacademy.RestAPITest@49c43f4e]" started-at="2020-04-27T14:56:09 IST" name="jiraAPI2" finished-at="2020-04-27T14:56:09 IST" duration-ms="0" status="PASS">
          <reporter-output>
          </reporter-output>
        </test-method> <!-- jiraAPI2 -->
      </class> <!-- qaclickacademy.RestAPITest -->
      <class name="qaclickacademy.SeleniumTest">
        <test-method signature="browserautomation()[pri:0, instance:qaclickacademy.SeleniumTest@290dbf45]" started-at="2020-04-27T14:56:09 IST" name="browserautomation" finished-at="2020-04-27T14:56:09 IST" duration-ms="0" status="PASS">
          <reporter-output>
          </reporter-output>
        </test-method> <!-- browserautomation -->
        <test-method signature="elementsui()[pri:0, instance:qaclickacademy.SeleniumTest@290dbf45]" started-at="2020-04-27T14:56:09 IST" name="elementsui" finished-at="2020-04-27T14:56:09 IST" duration-ms="0" status="PASS">
          <reporter-output>
          </reporter-output>
        </test-method> <!-- elementsui -->
      </class> <!-- qaclickacademy.SeleniumTest -->
    </test> <!-- Surefire test -->
  </suite> <!-- Surefire suite -->
</testng-results>
